{"/home/runner/work/liwi/liwi/packages/extended-json/src/parse.ts": {"path":"/home/runner/work/liwi/liwi/packages/extended-json/src/parse.ts","statementMap":{"0":{"start":{"line":4,"column":2},"end":{"line":4,"column":64}},"1":{"start":{"line":11,"column":37},"end":{"line":32,"column":1}},"2":{"start":{"line":15,"column":2},"end":{"line":29,"column":3}},"3":{"start":{"line":16,"column":22},"end":{"line":16,"column":50}},"4":{"start":{"line":17,"column":4},"end":{"line":28,"column":5}},"5":{"start":{"line":18,"column":6},"end":{"line":27,"column":8}},"6":{"start":{"line":31,"column":2},"end":{"line":31,"column":15}},"7":{"start":{"line":43,"column":2},"end":{"line":48,"column":13}},"8":{"start":{"line":47,"column":24},"end":{"line":47,"column":65}}},"fnMap":{"0":{"name":"(anonymous_0)","decl":{"start":{"line":11,"column":37},"end":{"line":11,"column":38}},"loc":{"start":{"line":14,"column":12},"end":{"line":32,"column":1}},"line":14},"1":{"name":"parse","decl":{"start":{"line":39,"column":24},"end":{"line":39,"column":29}},"loc":{"start":{"line":42,"column":9},"end":{"line":49,"column":1}},"line":42},"2":{"name":"(anonymous_2)","decl":{"start":{"line":47,"column":8},"end":{"line":47,"column":9}},"loc":{"start":{"line":47,"column":24},"end":{"line":47,"column":65}},"line":47}},"branchMap":{"0":{"loc":{"start":{"line":15,"column":2},"end":{"line":29,"column":3}},"type":"if","locations":[{"start":{"line":15,"column":2},"end":{"line":29,"column":3}},{"start":{},"end":{}}],"line":15},"1":{"loc":{"start":{"line":17,"column":4},"end":{"line":28,"column":5}},"type":"if","locations":[{"start":{"line":17,"column":4},"end":{"line":28,"column":5}},{"start":{},"end":{}}],"line":17},"2":{"loc":{"start":{"line":45,"column":4},"end":{"line":47,"column":65}},"type":"cond-expr","locations":[{"start":{"line":46,"column":8},"end":{"line":46,"column":23}},{"start":{"line":47,"column":8},"end":{"line":47,"column":65}}],"line":45}},"s":{"0":1,"1":1,"2":2,"3":2,"4":2,"5":1,"6":1,"7":2,"8":0},"f":{"0":2,"1":2,"2":0},"b":{"0":[2,0],"1":[1,1],"2":[2,0]},"_coverageSchema":"1a1c01bbd47fc00a2c39e90264f33305004495a9","hash":"75b1cde5b6b684ab61b451bd4e5573690d00b447"}
,"/home/runner/work/liwi/liwi/packages/extended-json/src/stringify.ts": {"path":"/home/runner/work/liwi/liwi/packages/extended-json/src/stringify.ts","statementMap":{"0":{"start":{"line":23,"column":2},"end":{"line":28,"column":4}}},"fnMap":{"0":{"name":"stringify","decl":{"start":{"line":18,"column":24},"end":{"line":18,"column":33}},"loc":{"start":{"line":22,"column":10},"end":{"line":29,"column":1}},"line":22}},"branchMap":{},"s":{"0":2},"f":{"0":2},"b":{},"_coverageSchema":"1a1c01bbd47fc00a2c39e90264f33305004495a9","hash":"2a9ceb5afb5a12dddd971fd2b90736e65e431bce"}
}
